# JRE version: OpenJDK Runtime Environment (19.0.1+10) (build 19.0.1+10-21)
# Java VM: OpenJDK 64-Bit Server VM (19.0.1+10-21, mixed mode, emulated-client, sharing, tiered, compressed oops, compressed class ptrs, g1 gc, windows-amd64)
GC Precious Log:
 CardTable entry size: 512
 Card Set container configuration: InlinePtr #cards 4 size 8 Array Of Cards #cards 16 size 48 Howl #buckets 8 coarsen threshold 3686 Howl Bitmap #cards 512 size 80 coarsen threshold 460 Card regions per heap region 1 cards per card region 4096
 CPUs: 8 total, 8 available
 Memory: 16118M
 Large Page Support: Disabled
 NUMA Support: Disabled
 Compressed Oops: Enabled (Zero based)
 Heap Region Size: 2M
 Heap Min Capacity: 8M
 Heap Initial Capacity: 252M
 Heap Max Capacity: 4030M
 Pre-touch: Disabled
 Parallel Workers: 8
 Concurrent Workers: 2
 Concurrent Refinement Workers: 8
 Periodic GC: Disabled
Heap:
 garbage-first heap   total 157696K, used 70755K [0x0000000704200000, 0x0000000800000000)
  region size 2048K, 16 young (32768K), 3 survivors (6144K)
 Metaspace       used 79459K, committed 81152K, reserved 1179648K
  class space    used 11088K, committed 11584K, reserved 1048576K
GC Heap History (20 events):
Event: 80467.538 GC heap before
{Heap before GC invocations=555 (full 5):
 garbage-first heap   total 157696K, used 132953K [0x0000000704200000, 0x0000000800000000)
  region size 2048K, 46 young (94208K), 1 survivors (2048K)
 Metaspace       used 78914K, committed 81088K, reserved 1179648K
  class space    used 11023K, committed 11584K, reserved 1048576K
}
Event: 80467.539 GC heap after
{Heap after GC invocations=556 (full 5):
 garbage-first heap   total 157696K, used 40858K [0x0000000704200000, 0x0000000800000000)
  region size 2048K, 1 young (2048K), 1 survivors (2048K)
 Metaspace       used 78914K, committed 81088K, reserved 1179648K
  class space    used 11023K, committed 11584K, reserved 1048576K
}
Event: 80622.766 GC heap before
{Heap before GC invocations=556 (full 5):
 garbage-first heap   total 157696K, used 133018K [0x0000000704200000, 0x0000000800000000)
  region size 2048K, 46 young (94208K), 1 survivors (2048K)
 Metaspace       used 78914K, committed 81088K, reserved 1179648K
  class space    used 11023K, committed 11584K, reserved 1048576K
}
Event: 80622.768 GC heap after
{Heap after GC invocations=557 (full 5):
 garbage-first heap   total 157696K, used 40814K [0x0000000704200000, 0x0000000800000000)
  region size 2048K, 1 young (2048K), 1 survivors (2048K)
 Metaspace       used 78914K, committed 81088K, reserved 1179648K
  class space    used 11023K, committed 11584K, reserved 1048576K
}
Event: 80778.387 GC heap before
{Heap before GC invocations=558 (full 5):
 garbage-first heap   total 157696K, used 132974K [0x0000000704200000, 0x0000000800000000)
  region size 2048K, 46 young (94208K), 1 survivors (2048K)
 Metaspace       used 78914K, committed 81088K, reserved 1179648K
  class space    used 11023K, committed 11584K, reserved 1048576K
}
Event: 80778.389 GC heap after
{Heap after GC invocations=559 (full 5):
 garbage-first heap   total 157696K, used 40768K [0x0000000704200000, 0x0000000800000000)
  region size 2048K, 1 young (2048K), 1 survivors (2048K)
 Metaspace       used 78914K, committed 81088K, reserved 1179648K
  class space    used 11023K, committed 11584K, reserved 1048576K
}
Event: 80784.988 GC heap before
{Heap before GC invocations=559 (full 5):
 garbage-first heap   total 157696K, used 44864K [0x0000000704200000, 0x0000000800000000)
  region size 2048K, 3 young (6144K), 1 survivors (2048K)
 Metaspace       used 78914K, committed 81088K, reserved 1179648K
  class space    used 11023K, committed 11584K, reserved 1048576K
}
Event: 80784.994 GC heap after
{Heap after GC invocations=560 (full 5):
 garbage-first heap   total 157696K, used 40629K [0x0000000704200000, 0x0000000800000000)
  region size 2048K, 1 young (2048K), 1 survivors (2048K)
 Metaspace       used 78914K, committed 81088K, reserved 1179648K
  class space    used 11023K, committed 11584K, reserved 1048576K
}
Event: 80939.272 GC heap before
{Heap before GC invocations=560 (full 5):
 garbage-first heap   total 157696K, used 132789K [0x0000000704200000, 0x0000000800000000)
  region size 2048K, 46 young (94208K), 1 survivors (2048K)
 Metaspace       used 78914K, committed 81088K, reserved 1179648K
  class space    used 11023K, committed 11584K, reserved 1048576K
}
Event: 80939.275 GC heap after
{Heap after GC invocations=561 (full 5):
 garbage-first heap   total 157696K, used 40700K [0x0000000704200000, 0x0000000800000000)
  region size 2048K, 1 young (2048K), 1 survivors (2048K)
 Metaspace       used 78914K, committed 81088K, reserved 1179648K
  class space    used 11023K, committed 11584K, reserved 1048576K
}
Event: 81094.546 GC heap before
{Heap before GC invocations=561 (full 5):
 garbage-first heap   total 157696K, used 132860K [0x0000000704200000, 0x0000000800000000)
  region size 2048K, 46 young (94208K), 1 survivors (2048K)
 Metaspace       used 78914K, committed 81088K, reserved 1179648K
  class space    used 11023K, committed 11584K, reserved 1048576K
}
Event: 81094.551 GC heap after
{Heap after GC invocations=562 (full 5):
 garbage-first heap   total 157696K, used 40706K [0x0000000704200000, 0x0000000800000000)
  region size 2048K, 1 young (2048K), 1 survivors (2048K)
 Metaspace       used 78914K, committed 81088K, reserved 1179648K
  class space    used 11023K, committed 11584K, reserved 1048576K
}
Event: 133468.302 GC heap before
{Heap before GC invocations=562 (full 5):
 garbage-first heap   total 157696K, used 132866K [0x0000000704200000, 0x0000000800000000)
  region size 2048K, 46 young (94208K), 1 survivors (2048K)
 Metaspace       used 79448K, committed 81152K, reserved 1179648K
  class space    used 11085K, committed 11584K, reserved 1048576K
}
Event: 133468.398 GC heap after
{Heap after GC invocations=563 (full 5):
 garbage-first heap   total 157696K, used 45870K [0x0000000704200000, 0x0000000800000000)
  region size 2048K, 3 young (6144K), 3 survivors (6144K)
 Metaspace       used 79448K, committed 81152K, reserved 1179648K
  class space    used 11085K, committed 11584K, reserved 1048576K
}
Event: 153088.262 GC heap before
{Heap before GC invocations=564 (full 5):
 garbage-first heap   total 157696K, used 129838K [0x0000000704200000, 0x0000000800000000)
  region size 2048K, 44 young (90112K), 3 survivors (6144K)
 Metaspace       used 79458K, committed 81152K, reserved 1179648K
  class space    used 11088K, committed 11584K, reserved 1048576K
}
Event: 153088.353 GC heap after
{Heap after GC invocations=565 (full 5):
 garbage-first heap   total 157696K, used 45280K [0x0000000704200000, 0x0000000800000000)
  region size 2048K, 3 young (6144K), 3 survivors (6144K)
 Metaspace       used 79458K, committed 81152K, reserved 1179648K
  class space    used 11088K, committed 11584K, reserved 1048576K
}
Event: 154766.118 GC heap before
{Heap before GC invocations=565 (full 5):
 garbage-first heap   total 157696K, used 45280K [0x0000000704200000, 0x0000000800000000)
  region size 2048K, 4 young (8192K), 3 survivors (6144K)
 Metaspace       used 79458K, committed 81152K, reserved 1179648K
  class space    used 11088K, committed 11584K, reserved 1048576K
}
Event: 154766.255 GC heap after
{Heap after GC invocations=566 (full 5):
 garbage-first heap   total 157696K, used 41646K [0x0000000704200000, 0x0000000800000000)
  region size 2048K, 1 young (2048K), 1 survivors (2048K)
 Metaspace       used 79458K, committed 81152K, reserved 1179648K
  class space    used 11088K, committed 11584K, reserved 1048576K
}
Event: 200072.350 GC heap before
{Heap before GC invocations=566 (full 5):
 garbage-first heap   total 157696K, used 127662K [0x0000000704200000, 0x0000000800000000)
  region size 2048K, 43 young (88064K), 1 survivors (2048K)
 Metaspace       used 79459K, committed 81152K, reserved 1179648K
  class space    used 11088K, committed 11584K, reserved 1048576K
}
Event: 200072.464 GC heap after
{Heap after GC invocations=567 (full 5):
 garbage-first heap   total 157696K, used 46179K [0x0000000704200000, 0x0000000800000000)
  region size 2048K, 3 young (6144K), 3 survivors (6144K)
 Metaspace       used 79459K, committed 81152K, reserved 1179648K
  class space    used 11088K, committed 11584K, reserved 1048576K
}

