# JRE version: OpenJDK Runtime Environment (19.0.1+10) (build 19.0.1+10-21)
# Java VM: OpenJDK 64-Bit Server VM (19.0.1+10-21, mixed mode, emulated-client, sharing, tiered, compressed oops, compressed class ptrs, g1 gc, windows-amd64)
GC Precious Log:
 CardTable entry size: 512
 Card Set container configuration: InlinePtr #cards 4 size 8 Array Of Cards #cards 16 size 48 Howl #buckets 8 coarsen threshold 3686 Howl Bitmap #cards 512 size 80 coarsen threshold 460 Card regions per heap region 1 cards per card region 4096
 CPUs: 8 total, 8 available
 Memory: 16118M
 Large Page Support: Disabled
 NUMA Support: Disabled
 Compressed Oops: Enabled (Zero based)
 Heap Region Size: 2M
 Heap Min Capacity: 8M
 Heap Initial Capacity: 252M
 Heap Max Capacity: 4030M
 Pre-touch: Disabled
 Parallel Workers: 8
 Concurrent Workers: 2
 Concurrent Refinement Workers: 8
 Periodic GC: Disabled
Heap:
 garbage-first heap   total 139264K, used 70580K [0x0000000704200000, 0x0000000800000000)
  region size 2048K, 1 young (2048K), 1 survivors (2048K)
 Metaspace       used 72970K, committed 73856K, reserved 1114112K
  class space    used 10197K, committed 10624K, reserved 1048576K
GC Heap History (20 events):
Event: 19.902 GC heap after
{Heap after GC invocations=30 (full 0):
 garbage-first heap   total 106496K, used 37638K [0x0000000704200000, 0x0000000800000000)
  region size 2048K, 1 young (2048K), 1 survivors (2048K)
 Metaspace       used 68949K, committed 69760K, reserved 1114112K
  class space    used 9676K, committed 10048K, reserved 1048576K
}
Event: 20.323 GC heap before
{Heap before GC invocations=30 (full 0):
 garbage-first heap   total 106496K, used 86790K [0x0000000704200000, 0x0000000800000000)
  region size 2048K, 25 young (51200K), 1 survivors (2048K)
 Metaspace       used 69184K, committed 69952K, reserved 1114112K
  class space    used 9710K, committed 10048K, reserved 1048576K
}
Event: 20.327 GC heap after
{Heap after GC invocations=31 (full 0):
 garbage-first heap   total 106496K, used 39470K [0x0000000704200000, 0x0000000800000000)
  region size 2048K, 2 young (4096K), 2 survivors (4096K)
 Metaspace       used 69184K, committed 69952K, reserved 1114112K
  class space    used 9710K, committed 10048K, reserved 1048576K
}
Event: 20.715 GC heap before
{Heap before GC invocations=31 (full 0):
 garbage-first heap   total 106496K, used 86574K [0x0000000704200000, 0x0000000800000000)
  region size 2048K, 25 young (51200K), 2 survivors (4096K)
 Metaspace       used 69515K, committed 70272K, reserved 1114112K
  class space    used 9738K, committed 10112K, reserved 1048576K
}
Event: 20.719 GC heap after
{Heap after GC invocations=32 (full 0):
 garbage-first heap   total 106496K, used 40782K [0x0000000704200000, 0x0000000800000000)
  region size 2048K, 3 young (6144K), 3 survivors (6144K)
 Metaspace       used 69515K, committed 70272K, reserved 1114112K
  class space    used 9738K, committed 10112K, reserved 1048576K
}
Event: 21.692 GC heap before
{Heap before GC invocations=32 (full 0):
 garbage-first heap   total 106496K, used 85838K [0x0000000704200000, 0x0000000800000000)
  region size 2048K, 25 young (51200K), 3 survivors (6144K)
 Metaspace       used 71609K, committed 72384K, reserved 1114112K
  class space    used 10030K, committed 10432K, reserved 1048576K
}
Event: 21.698 GC heap after
{Heap after GC invocations=33 (full 0):
 garbage-first heap   total 106496K, used 43099K [0x0000000704200000, 0x0000000800000000)
  region size 2048K, 4 young (8192K), 4 survivors (8192K)
 Metaspace       used 71609K, committed 72384K, reserved 1114112K
  class space    used 10030K, committed 10432K, reserved 1048576K
}
Event: 22.181 GC heap before
{Heap before GC invocations=33 (full 0):
 garbage-first heap   total 106496K, used 82011K [0x0000000704200000, 0x0000000800000000)
  region size 2048K, 24 young (49152K), 4 survivors (8192K)
 Metaspace       used 72870K, committed 73728K, reserved 1114112K
  class space    used 10184K, committed 10624K, reserved 1048576K
}
Event: 22.191 GC heap after
{Heap after GC invocations=34 (full 0):
 garbage-first heap   total 106496K, used 49637K [0x0000000704200000, 0x0000000800000000)
  region size 2048K, 3 young (6144K), 3 survivors (6144K)
 Metaspace       used 72870K, committed 73728K, reserved 1114112K
  class space    used 10184K, committed 10624K, reserved 1048576K
}
Event: 22.298 GC heap before
{Heap before GC invocations=34 (full 0):
 garbage-first heap   total 106496K, used 80357K [0x0000000704200000, 0x0000000800000000)
  region size 2048K, 19 young (38912K), 3 survivors (6144K)
 Metaspace       used 72887K, committed 73728K, reserved 1114112K
  class space    used 10186K, committed 10624K, reserved 1048576K
}
Event: 22.308 GC heap after
{Heap after GC invocations=35 (full 0):
 garbage-first heap   total 106496K, used 58787K [0x0000000704200000, 0x0000000800000000)
  region size 2048K, 3 young (6144K), 3 survivors (6144K)
 Metaspace       used 72887K, committed 73728K, reserved 1114112K
  class space    used 10186K, committed 10624K, reserved 1048576K
}
Event: 22.500 GC heap before
{Heap before GC invocations=35 (full 0):
 garbage-first heap   total 106496K, used 79267K [0x0000000704200000, 0x0000000800000000)
  region size 2048K, 14 young (28672K), 3 survivors (6144K)
 Metaspace       used 72970K, committed 73856K, reserved 1114112K
  class space    used 10197K, committed 10624K, reserved 1048576K
}
Event: 23.518 GC heap after
{Heap after GC invocations=36 (full 0):
 garbage-first heap   total 139264K, used 65036K [0x0000000704200000, 0x0000000800000000)
  region size 2048K, 2 young (4096K), 2 survivors (4096K)
 Metaspace       used 72970K, committed 73856K, reserved 1114112K
  class space    used 10197K, committed 10624K, reserved 1048576K
}
Event: 23.522 GC heap before
{Heap before GC invocations=36 (full 0):
 garbage-first heap   total 139264K, used 67084K [0x0000000704200000, 0x0000000800000000)
  region size 2048K, 3 young (6144K), 2 survivors (4096K)
 Metaspace       used 72970K, committed 73856K, reserved 1114112K
  class space    used 10197K, committed 10624K, reserved 1048576K
}
Event: 23.524 GC heap after
{Heap after GC invocations=37 (full 0):
 garbage-first heap   total 139264K, used 66989K [0x0000000704200000, 0x0000000800000000)
  region size 2048K, 1 young (2048K), 1 survivors (2048K)
 Metaspace       used 72970K, committed 73856K, reserved 1114112K
  class space    used 10197K, committed 10624K, reserved 1048576K
}
Event: 23.529 GC heap before
{Heap before GC invocations=37 (full 0):
 garbage-first heap   total 139264K, used 71085K [0x0000000704200000, 0x0000000800000000)
  region size 2048K, 3 young (6144K), 1 survivors (2048K)
 Metaspace       used 72970K, committed 73856K, reserved 1114112K
  class space    used 10197K, committed 10624K, reserved 1048576K
}
Event: 23.531 GC heap after
{Heap after GC invocations=38 (full 0):
 garbage-first heap   total 139264K, used 68871K [0x0000000704200000, 0x0000000800000000)
  region size 2048K, 1 young (2048K), 1 survivors (2048K)
 Metaspace       used 72970K, committed 73856K, reserved 1114112K
  class space    used 10197K, committed 10624K, reserved 1048576K
}
Event: 23.548 GC heap before
{Heap before GC invocations=38 (full 0):
 garbage-first heap   total 139264K, used 72967K [0x0000000704200000, 0x0000000800000000)
  region size 2048K, 3 young (6144K), 1 survivors (2048K)
 Metaspace       used 72970K, committed 73856K, reserved 1114112K
  class space    used 10197K, committed 10624K, reserved 1048576K
}
Event: 23.550 GC heap after
{Heap after GC invocations=39 (full 0):
 garbage-first heap   total 139264K, used 69601K [0x0000000704200000, 0x0000000800000000)
  region size 2048K, 1 young (2048K), 1 survivors (2048K)
 Metaspace       used 72970K, committed 73856K, reserved 1114112K
  class space    used 10197K, committed 10624K, reserved 1048576K
}
Event: 23.564 GC heap before
{Heap before GC invocations=39 (full 0):
 garbage-first heap   total 139264K, used 73697K [0x0000000704200000, 0x0000000800000000)
  region size 2048K, 3 young (6144K), 1 survivors (2048K)
 Metaspace       used 72970K, committed 73856K, reserved 1114112K
  class space    used 10197K, committed 10624K, reserved 1048576K
}

