# JRE version: OpenJDK Runtime Environment (19.0.1+10) (build 19.0.1+10-21)
# Java VM: OpenJDK 64-Bit Server VM (19.0.1+10-21, mixed mode, emulated-client, sharing, tiered, compressed oops, compressed class ptrs, g1 gc, windows-amd64)
GC Precious Log:
 CardTable entry size: 512
 Card Set container configuration: InlinePtr #cards 4 size 8 Array Of Cards #cards 16 size 48 Howl #buckets 8 coarsen threshold 3686 Howl Bitmap #cards 512 size 80 coarsen threshold 460 Card regions per heap region 1 cards per card region 4096
 CPUs: 8 total, 8 available
 Memory: 16118M
 Large Page Support: Disabled
 NUMA Support: Disabled
 Compressed Oops: Enabled (Zero based)
 Heap Region Size: 2M
 Heap Min Capacity: 8M
 Heap Initial Capacity: 252M
 Heap Max Capacity: 4030M
 Pre-touch: Disabled
 Parallel Workers: 8
 Concurrent Workers: 2
 Concurrent Refinement Workers: 8
 Periodic GC: Disabled
Heap:
 garbage-first heap   total 96256K, used 38401K [0x0000000704200000, 0x0000000800000000)
  region size 2048K, 7 young (14336K), 1 survivors (2048K)
 Metaspace       used 53621K, committed 54272K, reserved 1114112K
  class space    used 7270K, committed 7552K, reserved 1048576K
GC Heap History (20 events):
Event: 2.574 GC heap before
{Heap before GC invocations=2 (full 0):
 garbage-first heap   total 258048K, used 62400K [0x0000000704200000, 0x0000000800000000)
  region size 2048K, 26 young (53248K), 1 survivors (2048K)
 Metaspace       used 18926K, committed 19264K, reserved 1114112K
  class space    used 2430K, committed 2624K, reserved 1048576K
}
Event: 2.581 GC heap after
{Heap after GC invocations=3 (full 0):
 garbage-first heap   total 258048K, used 15064K [0x0000000704200000, 0x0000000800000000)
  region size 2048K, 3 young (6144K), 3 survivors (6144K)
 Metaspace       used 18926K, committed 19264K, reserved 1114112K
  class space    used 2430K, committed 2624K, reserved 1048576K
}
Event: 3.224 GC heap before
{Heap before GC invocations=3 (full 0):
 garbage-first heap   total 258048K, used 51928K [0x0000000704200000, 0x0000000800000000)
  region size 2048K, 22 young (45056K), 3 survivors (6144K)
 Metaspace       used 21122K, committed 21504K, reserved 1114112K
  class space    used 2725K, committed 2944K, reserved 1048576K
}
Event: 3.229 GC heap after
{Heap after GC invocations=4 (full 0):
 garbage-first heap   total 258048K, used 17306K [0x0000000704200000, 0x0000000800000000)
  region size 2048K, 4 young (8192K), 4 survivors (8192K)
 Metaspace       used 21122K, committed 21504K, reserved 1114112K
  class space    used 2725K, committed 2944K, reserved 1048576K
}
Event: 3.853 GC heap before
{Heap before GC invocations=5 (full 0):
 garbage-first heap   total 69632K, used 50074K [0x0000000704200000, 0x0000000800000000)
  region size 2048K, 20 young (40960K), 4 survivors (8192K)
 Metaspace       used 24048K, committed 24512K, reserved 1114112K
  class space    used 3176K, committed 3392K, reserved 1048576K
}
Event: 3.860 GC heap after
{Heap after GC invocations=6 (full 0):
 garbage-first heap   total 69632K, used 19355K [0x0000000704200000, 0x0000000800000000)
  region size 2048K, 3 young (6144K), 3 survivors (6144K)
 Metaspace       used 24048K, committed 24512K, reserved 1114112K
  class space    used 3176K, committed 3392K, reserved 1048576K
}
Event: 3.882 GC heap before
{Heap before GC invocations=6 (full 0):
 garbage-first heap   total 69632K, used 21403K [0x0000000704200000, 0x0000000800000000)
  region size 2048K, 4 young (8192K), 3 survivors (6144K)
 Metaspace       used 24163K, committed 24640K, reserved 1114112K
  class space    used 3194K, committed 3392K, reserved 1048576K
}
Event: 3.886 GC heap after
{Heap after GC invocations=7 (full 0):
 garbage-first heap   total 69632K, used 19977K [0x0000000704200000, 0x0000000800000000)
  region size 2048K, 1 young (2048K), 1 survivors (2048K)
 Metaspace       used 24163K, committed 24640K, reserved 1114112K
  class space    used 3194K, committed 3392K, reserved 1048576K
}
Event: 4.298 GC heap before
{Heap before GC invocations=7 (full 0):
 garbage-first heap   total 69632K, used 44553K [0x0000000704200000, 0x0000000800000000)
  region size 2048K, 13 young (26624K), 1 survivors (2048K)
 Metaspace       used 27458K, committed 27968K, reserved 1114112K
  class space    used 3695K, committed 3904K, reserved 1048576K
}
Event: 4.301 GC heap after
{Heap after GC invocations=8 (full 0):
 garbage-first heap   total 69632K, used 21519K [0x0000000704200000, 0x0000000800000000)
  region size 2048K, 2 young (4096K), 2 survivors (4096K)
 Metaspace       used 27458K, committed 27968K, reserved 1114112K
  class space    used 3695K, committed 3904K, reserved 1048576K
}
Event: 4.723 GC heap before
{Heap before GC invocations=8 (full 0):
 garbage-first heap   total 69632K, used 46095K [0x0000000704200000, 0x0000000800000000)
  region size 2048K, 14 young (28672K), 2 survivors (4096K)
 Metaspace       used 30564K, committed 31168K, reserved 1114112K
  class space    used 4100K, committed 4352K, reserved 1048576K
}
Event: 4.727 GC heap after
{Heap after GC invocations=9 (full 0):
 garbage-first heap   total 69632K, used 23814K [0x0000000704200000, 0x0000000800000000)
  region size 2048K, 2 young (4096K), 2 survivors (4096K)
 Metaspace       used 30564K, committed 31168K, reserved 1114112K
  class space    used 4100K, committed 4352K, reserved 1048576K
}
Event: 5.241 GC heap before
{Heap before GC invocations=9 (full 0):
 garbage-first heap   total 69632K, used 46342K [0x0000000704200000, 0x0000000800000000)
  region size 2048K, 14 young (28672K), 2 survivors (4096K)
 Metaspace       used 33768K, committed 34368K, reserved 1114112K
  class space    used 4560K, committed 4864K, reserved 1048576K
}
Event: 5.246 GC heap after
{Heap after GC invocations=10 (full 0):
 garbage-first heap   total 108544K, used 25295K [0x0000000704200000, 0x0000000800000000)
  region size 2048K, 1 young (2048K), 1 survivors (2048K)
 Metaspace       used 33768K, committed 34368K, reserved 1114112K
  class space    used 4560K, committed 4864K, reserved 1048576K
}
Event: 5.462 GC heap before
{Heap before GC invocations=10 (full 0):
 garbage-first heap   total 108544K, used 31439K [0x0000000704200000, 0x0000000800000000)
  region size 2048K, 5 young (10240K), 1 survivors (2048K)
 Metaspace       used 35379K, committed 35968K, reserved 1114112K
  class space    used 4807K, committed 5120K, reserved 1048576K
}
Event: 5.464 GC heap after
{Heap after GC invocations=11 (full 0):
 garbage-first heap   total 108544K, used 25511K [0x0000000704200000, 0x0000000800000000)
  region size 2048K, 1 young (2048K), 1 survivors (2048K)
 Metaspace       used 35379K, committed 35968K, reserved 1114112K
  class space    used 4807K, committed 5120K, reserved 1048576K
}
Event: 7.518 GC heap before
{Heap before GC invocations=12 (full 0):
 garbage-first heap   total 96256K, used 78759K [0x0000000704200000, 0x0000000800000000)
  region size 2048K, 28 young (57344K), 1 survivors (2048K)
 Metaspace       used 49572K, committed 50176K, reserved 1114112K
  class space    used 6628K, committed 6912K, reserved 1048576K
}
Event: 7.523 GC heap after
{Heap after GC invocations=13 (full 0):
 garbage-first heap   total 96256K, used 29493K [0x0000000704200000, 0x0000000800000000)
  region size 2048K, 3 young (6144K), 3 survivors (6144K)
 Metaspace       used 49572K, committed 50176K, reserved 1114112K
  class space    used 6628K, committed 6912K, reserved 1048576K
}
Event: 7.600 GC heap before
{Heap before GC invocations=13 (full 0):
 garbage-first heap   total 96256K, used 31541K [0x0000000704200000, 0x0000000800000000)
  region size 2048K, 4 young (8192K), 3 survivors (6144K)
 Metaspace       used 50066K, committed 50688K, reserved 1114112K
  class space    used 6696K, committed 6976K, reserved 1048576K
}
Event: 7.607 GC heap after
{Heap after GC invocations=14 (full 0):
 garbage-first heap   total 96256K, used 30209K [0x0000000704200000, 0x0000000800000000)
  region size 2048K, 1 young (2048K), 1 survivors (2048K)
 Metaspace       used 50066K, committed 50688K, reserved 1114112K
  class space    used 6696K, committed 6976K, reserved 1048576K
}

