# JRE version: OpenJDK Runtime Environment (19.0.1+10) (build 19.0.1+10-21)
# Java VM: OpenJDK 64-Bit Server VM (19.0.1+10-21, mixed mode, emulated-client, sharing, tiered, compressed oops, compressed class ptrs, g1 gc, windows-amd64)
GC Precious Log:
 CardTable entry size: 512
 Card Set container configuration: InlinePtr #cards 4 size 8 Array Of Cards #cards 16 size 48 Howl #buckets 8 coarsen threshold 3686 Howl Bitmap #cards 512 size 80 coarsen threshold 460 Card regions per heap region 1 cards per card region 4096
 CPUs: 8 total, 8 available
 Memory: 16118M
 Large Page Support: Disabled
 NUMA Support: Disabled
 Compressed Oops: Enabled (Zero based)
 Heap Region Size: 2M
 Heap Min Capacity: 8M
 Heap Initial Capacity: 252M
 Heap Max Capacity: 4030M
 Pre-touch: Disabled
 Parallel Workers: 8
 Concurrent Workers: 2
 Concurrent Refinement Workers: 8
 Periodic GC: Disabled
Heap:
 garbage-first heap   total 327680K, used 113976K [0x0000000704200000, 0x0000000800000000)
  region size 2048K, 32 young (65536K), 11 survivors (22528K)
 Metaspace       used 87808K, committed 88832K, reserved 1179648K
  class space    used 12217K, committed 12736K, reserved 1048576K
GC Heap History (20 events):
Event: 21.296 GC heap after
{Heap after GC invocations=26 (full 0):
 garbage-first heap   total 221184K, used 54576K [0x0000000704200000, 0x0000000800000000)
  region size 2048K, 3 young (6144K), 3 survivors (6144K)
 Metaspace       used 73129K, committed 73920K, reserved 1114112K
  class space    used 10203K, committed 10560K, reserved 1048576K
}
Event: 22.392 GC heap before
{Heap before GC invocations=26 (full 0):
 garbage-first heap   total 221184K, used 163120K [0x0000000704200000, 0x0000000800000000)
  region size 2048K, 56 young (114688K), 3 survivors (6144K)
 Metaspace       used 75090K, committed 75968K, reserved 1114112K
  class space    used 10521K, committed 10944K, reserved 1048576K
}
Event: 22.403 GC heap after
{Heap after GC invocations=27 (full 0):
 garbage-first heap   total 221184K, used 62768K [0x0000000704200000, 0x0000000800000000)
  region size 2048K, 7 young (14336K), 7 survivors (14336K)
 Metaspace       used 75090K, committed 75968K, reserved 1114112K
  class space    used 10521K, committed 10944K, reserved 1048576K
}
Event: 65.582 GC heap before
{Heap before GC invocations=27 (full 0):
 garbage-first heap   total 221184K, used 163120K [0x0000000704200000, 0x0000000800000000)
  region size 2048K, 57 young (116736K), 7 survivors (14336K)
 Metaspace       used 84643K, committed 85568K, reserved 1179648K
  class space    used 11833K, committed 12288K, reserved 1048576K
}
Event: 65.615 GC heap after
{Heap after GC invocations=28 (full 0):
 garbage-first heap   total 221184K, used 69683K [0x0000000704200000, 0x0000000800000000)
  region size 2048K, 8 young (16384K), 8 survivors (16384K)
 Metaspace       used 84643K, committed 85568K, reserved 1179648K
  class space    used 11833K, committed 12288K, reserved 1048576K
}
Event: 187.787 GC heap before
{Heap before GC invocations=28 (full 0):
 garbage-first heap   total 221184K, used 170035K [0x0000000704200000, 0x0000000800000000)
  region size 2048K, 58 young (118784K), 8 survivors (16384K)
 Metaspace       used 86210K, committed 87232K, reserved 1179648K
  class space    used 12078K, committed 12544K, reserved 1048576K
}
Event: 187.880 GC heap after
{Heap after GC invocations=29 (full 0):
 garbage-first heap   total 221184K, used 71204K [0x0000000704200000, 0x0000000800000000)
  region size 2048K, 5 young (10240K), 5 survivors (10240K)
 Metaspace       used 86210K, committed 87232K, reserved 1179648K
  class space    used 12078K, committed 12544K, reserved 1048576K
}
Event: 211.019 GC heap before
{Heap before GC invocations=29 (full 0):
 garbage-first heap   total 221184K, used 128548K [0x0000000704200000, 0x0000000800000000)
  region size 2048K, 35 young (71680K), 5 survivors (10240K)
 Metaspace       used 86392K, committed 87424K, reserved 1179648K
  class space    used 12113K, committed 12672K, reserved 1048576K
}
Event: 211.662 GC heap after
{Heap after GC invocations=30 (full 1):
 garbage-first heap   total 163840K, used 40934K [0x0000000704200000, 0x0000000800000000)
  region size 2048K, 0 young (0K), 0 survivors (0K)
 Metaspace       used 85875K, committed 87424K, reserved 1179648K
  class space    used 11992K, committed 12672K, reserved 1048576K
}
Event: 216.491 GC heap before
{Heap before GC invocations=30 (full 1):
 garbage-first heap   total 163840K, used 122854K [0x0000000704200000, 0x0000000800000000)
  region size 2048K, 41 young (83968K), 0 survivors (0K)
 Metaspace       used 86503K, committed 87616K, reserved 1179648K
  class space    used 12072K, committed 12672K, reserved 1048576K
}
Event: 216.508 GC heap after
{Heap after GC invocations=31 (full 1):
 garbage-first heap   total 163840K, used 48835K [0x0000000704200000, 0x0000000800000000)
  region size 2048K, 4 young (8192K), 4 survivors (8192K)
 Metaspace       used 86503K, committed 87616K, reserved 1179648K
  class space    used 12072K, committed 12672K, reserved 1048576K
}
Event: 219.370 GC heap before
{Heap before GC invocations=32 (full 1):
 garbage-first heap   total 163840K, used 124611K [0x0000000704200000, 0x0000000800000000)
  region size 2048K, 41 young (83968K), 4 survivors (8192K)
 Metaspace       used 87030K, committed 88064K, reserved 1179648K
  class space    used 12129K, committed 12672K, reserved 1048576K
}
Event: 219.386 GC heap after
{Heap after GC invocations=33 (full 1):
 garbage-first heap   total 163840K, used 52714K [0x0000000704200000, 0x0000000800000000)
  region size 2048K, 3 young (6144K), 3 survivors (6144K)
 Metaspace       used 87030K, committed 88064K, reserved 1179648K
  class space    used 12129K, committed 12672K, reserved 1048576K
}
Event: 219.403 GC heap before
{Heap before GC invocations=33 (full 1):
 garbage-first heap   total 163840K, used 54762K [0x0000000704200000, 0x0000000800000000)
  region size 2048K, 4 young (8192K), 3 survivors (6144K)
 Metaspace       used 87030K, committed 88064K, reserved 1179648K
  class space    used 12129K, committed 12672K, reserved 1048576K
}
Event: 219.409 GC heap after
{Heap after GC invocations=34 (full 1):
 garbage-first heap   total 163840K, used 53010K [0x0000000704200000, 0x0000000800000000)
  region size 2048K, 1 young (2048K), 1 survivors (2048K)
 Metaspace       used 87030K, committed 88064K, reserved 1179648K
  class space    used 12129K, committed 12672K, reserved 1048576K
}
Event: 220.682 GC heap before
{Heap before GC invocations=34 (full 1):
 garbage-first heap   total 163840K, used 124690K [0x0000000704200000, 0x0000000800000000)
  region size 2048K, 36 young (73728K), 1 survivors (2048K)
 Metaspace       used 87508K, committed 88512K, reserved 1179648K
  class space    used 12166K, committed 12672K, reserved 1048576K
}
Event: 220.688 GC heap after
{Heap after GC invocations=35 (full 1):
 garbage-first heap   total 327680K, used 54571K [0x0000000704200000, 0x0000000800000000)
  region size 2048K, 2 young (4096K), 2 survivors (4096K)
 Metaspace       used 87508K, committed 88512K, reserved 1179648K
  class space    used 12166K, committed 12672K, reserved 1048576K
}
Event: 223.101 GC heap before
{Heap before GC invocations=35 (full 1):
 garbage-first heap   total 327680K, used 226603K [0x0000000704200000, 0x0000000800000000)
  region size 2048K, 87 young (178176K), 2 survivors (4096K)
 Metaspace       used 87630K, committed 88576K, reserved 1179648K
  class space    used 12183K, committed 12672K, reserved 1048576K
}
Event: 223.125 GC heap after
{Heap after GC invocations=36 (full 1):
 garbage-first heap   total 327680K, used 73016K [0x0000000704200000, 0x0000000800000000)
  region size 2048K, 11 young (22528K), 11 survivors (22528K)
 Metaspace       used 87630K, committed 88576K, reserved 1179648K
  class space    used 12183K, committed 12672K, reserved 1048576K
}
Event: 237.970 GC heap before
{Heap before GC invocations=36 (full 1):
 garbage-first heap   total 327680K, used 113976K [0x0000000704200000, 0x0000000800000000)
  region size 2048K, 32 young (65536K), 11 survivors (22528K)
 Metaspace       used 87808K, committed 88832K, reserved 1179648K
  class space    used 12217K, committed 12736K, reserved 1048576K
}

